\BOOKMARK [1][-]{section.1}{1 Einleitung}{}% 1
\BOOKMARK [2][-]{subsection.1.1}{1.1 Ausgangslage}{section.1}% 2
\BOOKMARK [2][-]{subsection.1.2}{1.2 Ziel des Dokuments}{section.1}% 3
\BOOKMARK [2][-]{subsection.1.3}{1.3 Produktbedingungen}{section.1}% 4
\BOOKMARK [1][-]{section.2}{2 Recherche}{}% 5
\BOOKMARK [2][-]{subsection.2.1}{2.1 Anwendungsbereiche}{section.2}% 6
\BOOKMARK [3][-]{subsubsection.2.1.1}{2.1.1 Recherchegrund}{subsection.2.1}% 7
\BOOKMARK [3][-]{subsubsection.2.1.2}{2.1.2 Ergebnisse}{subsection.2.1}% 8
\BOOKMARK [3][-]{subsubsection.2.1.3}{2.1.3 Fazit}{subsection.2.1}% 9
\BOOKMARK [2][-]{subsection.2.2}{2.2 Energie}{section.2}% 10
\BOOKMARK [3][-]{subsubsection.2.2.1}{2.2.1 Recherchegrund}{subsection.2.2}% 11
\BOOKMARK [3][-]{subsubsection.2.2.2}{2.2.2 Ergebnisse}{subsection.2.2}% 12
\BOOKMARK [3][-]{subsubsection.2.2.3}{2.2.3 Fazit}{subsection.2.2}% 13
\BOOKMARK [2][-]{subsection.2.3}{2.3 Turbine}{section.2}% 14
\BOOKMARK [3][-]{subsubsection.2.3.1}{2.3.1 Recherchegrund}{subsection.2.3}% 15
\BOOKMARK [3][-]{subsubsection.2.3.2}{2.3.2 Ergebnisse}{subsection.2.3}% 16
\BOOKMARK [3][-]{subsubsection.2.3.3}{2.3.3 Fazit}{subsection.2.3}% 17
\BOOKMARK [2][-]{subsection.2.4}{2.4 Infrastrukturen}{section.2}% 18
\BOOKMARK [3][-]{subsubsection.2.4.1}{2.4.1 Recherchegrund}{subsection.2.4}% 19
\BOOKMARK [3][-]{subsubsection.2.4.2}{2.4.2 Ergebnisse}{subsection.2.4}% 20
\BOOKMARK [3][-]{subsubsection.2.4.3}{2.4.3 Fazit}{subsection.2.4}% 21
\BOOKMARK [2][-]{subsection.2.5}{2.5 Integrationen Bestehende Systeme}{section.2}% 22
\BOOKMARK [3][-]{subsubsection.2.5.1}{2.5.1 Recherchegrund}{subsection.2.5}% 23
\BOOKMARK [3][-]{subsubsection.2.5.2}{2.5.2 Ergebnisse}{subsection.2.5}% 24
\BOOKMARK [3][-]{subsubsection.2.5.3}{2.5.3 Fazit}{subsection.2.5}% 25
\BOOKMARK [2][-]{subsection.2.6}{2.6 Sicherheit}{section.2}% 26
\BOOKMARK [3][-]{subsubsection.2.6.1}{2.6.1 Recherchegrund}{subsection.2.6}% 27
\BOOKMARK [3][-]{subsubsection.2.6.2}{2.6.2 Ergebnisse}{subsection.2.6}% 28
\BOOKMARK [3][-]{subsubsection.2.6.3}{2.6.3 Fazit}{subsection.2.6}% 29
\BOOKMARK [1][-]{section.3}{3 Zusammenfassung}{}% 30
\BOOKMARK [1][-]{section.4}{4 Quellenverzeichnis}{}% 31
\BOOKMARK [1][-]{section.5}{5 Echtheitserkl\344rung}{}% 32
